<?xml version="1.0" encoding="UTF-8"?>
<!-- Generated by org.testng.reporters.JUnitXMLReporter -->
<testsuite hostname="home" ignored="6" name="Default test" tests="1" failures="0" timestamp="22 Jul 2017 06:16:19 GMT" time="53.966" errors="0">
  <testcase name="test2" time="38.054" classname="TestNGProject.TestNGProject.testScenarios.TimeTrackTest"/>
  <testcase name="test2" time="0.0" classname="TestNGProject.TestNGProject.testScenarios.LoginTest">
    <ignored/>
  </testcase> <!-- test2 -->
  <testcase name="test1" time="0.0" classname="TestNGProject.TestNGProject.testScenarios.TimeTrackTest">
    <ignored/>
  </testcase> <!-- test1 -->
  <testcase name="test1" time="0.0" classname="TestNGProject.TestNGProject.testScenarios.LoginTest">
    <ignored/>
  </testcase> <!-- test1 -->
  <testcase name="test3" time="0.0" classname="TestNGProject.TestNGProject.testScenarios.TimeTrackTest">
    <ignored/>
  </testcase> <!-- test3 -->
  <testcase name="test3" time="0.0" classname="TestNGProject.TestNGProject.testScenarios.LoginTest">
    <ignored/>
  </testcase> <!-- test3 -->
  <testcase name="test4" time="0.0" classname="TestNGProject.TestNGProject.testScenarios.TimeTrackTest">
    <ignored/>
  </testcase> <!-- test4 -->
</testsuite> <!-- Default test -->
